importing worthing xml file
1 Y1JOK imported to id 815
2 NL05BVK imported to id 816
3 J20MPD imported to id 817
4 HK52TMZ imported to id 818
5 SA55DPU imported to id 819
6 MBZ5057 imported to id 820
7 NC58BFU imported to id 821
8 FN57VRY imported to id 822
9 GP07VUN imported to id 823
10 KD53KWZ imported to id 824
11 GA03BAZ imported to id 825
12 GP04YWD imported to id 826
13 FN57WFC imported to id 827
14 W400UPS imported to id 828
15 BF57HDO imported to id 829
16 SB56TWL imported to id 830
17 SG54UXT imported to id 831
18 Y332HCD imported to id 832
19 SA02LTE imported to id 833
20 SD56XZL imported to id 834
21 GP03LYG imported to id 835
22 BL07LCF imported to id 836
23 AV60TOA imported to id 837
24 SA56CYE imported to id 838
25 PO52FCE imported to id 839
26 HV02VHM imported to id 840
27 SC55CGV imported to id 841
28 DN02NUB imported to id 842
29 LC58NVV imported to id 843
30 SD10LZX imported to id 844
31 SJ57XUM imported to id 845
32 SD07OUS imported to id 846
33 PX60TCV imported to id 847
34 SD07NCJ imported to id 848
35 GV57HHS imported to id 849
36 YE56HNH imported to id 850
37 HN09VSJ imported to id 851
38 GV59RXH imported to id 852
39 GV05TKT imported to id 853
40 SH56KXZ imported to id 854
41 KH53YZW imported to id 855
42 Y274TKN imported to id 856
43 GU57OMY imported to id 857
44 S7RWM imported to id 858
45 GU07LNE imported to id 859
46 HD53HNN imported to id 860
47 GY53RWL imported to id 861
48 SC06CCX imported to id 862
49 SG07AAZ imported to id 863
50 X7PHX imported to id 864
51 LA03JGF imported to id 865
52 SB52CAB imported to id 866
53 GU57LNT imported to id 867
54 EF53CHY imported to id 868
55 HP07PRP imported to id 869
56 SG57SFV imported to id 870
57 GX04DLV imported to id 871
58 H3KNY imported to id 872
59 GX03FMD imported to id 873
60 GR04BHW imported to id 874
61 DV02TWZ imported to id 875
62 SF04CXS imported to id 876
63 GX03UNW imported to id 877
64 AF02VKG imported to id 878
65 GX03YHZ imported to id 879
66 LB59EEU imported to id 880
67 T4XEY imported to id 881
68 PK57PXC imported to id 882
69 SJ57LHM imported to id 883
70 GX08GFO imported to id 884
71 SA57WDJ imported to id 885
72 GU52WKP imported to id 886
73 SA08CZL imported to id 887
74 SD58WAO imported to id 888
[info] processed 74 rows in 0.570740938187 seconds
importing worthing xml file
1 Y1JOK imported to id 815
2 NL05BVK imported to id 816
3 J20MPD imported to id 817
4 HK52TMZ imported to id 818
5 SA55DPU imported to id 819
6 MBZ5057 imported to id 820
7 NC58BFU imported to id 821
8 FN57VRY imported to id 822
9 GP07VUN imported to id 823
10 KD53KWZ imported to id 824
11 GA03BAZ imported to id 825
12 GP04YWD imported to id 826
13 FN57WFC imported to id 827
14 W400UPS imported to id 828
15 BF57HDO imported to id 829
16 SB56TWL imported to id 830
17 SG54UXT imported to id 831
18 Y332HCD imported to id 832
19 SA02LTE imported to id 833
20 SD56XZL imported to id 834
21 GP03LYG imported to id 835
22 BL07LCF imported to id 836
23 AV60TOA imported to id 837
24 SA56CYE imported to id 838
25 PO52FCE imported to id 839
26 HV02VHM imported to id 840
27 SC55CGV imported to id 841
28 DN02NUB imported to id 842
29 LC58NVV imported to id 843
30 SD10LZX imported to id 844
31 SJ57XUM imported to id 845
32 SD07OUS imported to id 846
33 PX60TCV imported to id 847
34 SD07NCJ imported to id 848
35 GV57HHS imported to id 849
36 YE56HNH imported to id 850
37 HN09VSJ imported to id 851
38 GV59RXH imported to id 852
39 GV05TKT imported to id 853
40 SH56KXZ imported to id 854
41 KH53YZW imported to id 855
42 Y274TKN imported to id 856
43 GU57OMY imported to id 857
44 S7RWM imported to id 858
45 GU07LNE imported to id 859
46 HD53HNN imported to id 860
47 GY53RWL imported to id 861
48 SC06CCX imported to id 862
49 SG07AAZ imported to id 863
50 X7PHX imported to id 864
51 LA03JGF imported to id 865
52 SB52CAB imported to id 866
53 GU57LNT imported to id 867
54 EF53CHY imported to id 868
55 HP07PRP imported to id 869
56 SG57SFV imported to id 870
57 GX04DLV imported to id 871
58 H3KNY imported to id 872
59 GX03FMD imported to id 873
60 GR04BHW imported to id 874
61 DV02TWZ imported to id 875
62 SF04CXS imported to id 876
63 GX03UNW imported to id 877
64 AF02VKG imported to id 878
65 GX03YHZ imported to id 879
66 LB59EEU imported to id 880
67 T4XEY imported to id 881
68 PK57PXC imported to id 882
69 SJ57LHM imported to id 883
70 GX08GFO imported to id 884
71 SA57WDJ imported to id 885
72 GU52WKP imported to id 886
73 SA08CZL imported to id 887
74 SD58WAO imported to id 888
[info] processed 74 rows in 0.200623035431 seconds
